0 info it worked if it ends with ok
1 verbose cli [
1 verbose cli   '/home/alexey/.nvm/versions/node/v13.2.0/bin/node',
1 verbose cli   '/home/alexey/.nvm/versions/node/v13.2.0/bin/npm',
1 verbose cli   'run',
1 verbose cli   'test',
1 verbose cli   '--no-cache'
1 verbose cli ]
2 info using npm@6.13.1
3 info using node@v13.2.0
4 verbose stack Error: Failed to parse json
4 verbose stack Unexpected token } in JSON at position 2298 while parsing near '...s)"
4 verbose stack     ],
4 verbose stack     ""
4 verbose stack   }
4 verbose stack }
4 verbose stack '
4 verbose stack     at parseError (/home/alexey/.nvm/versions/node/v13.2.0/lib/node_modules/npm/node_modules/read-package-json/read-json.js:469:11)
4 verbose stack     at parseJson (/home/alexey/.nvm/versions/node/v13.2.0/lib/node_modules/npm/node_modules/read-package-json/read-json.js:105:26)
4 verbose stack     at /home/alexey/.nvm/versions/node/v13.2.0/lib/node_modules/npm/node_modules/read-package-json/read-json.js:52:5
4 verbose stack     at /home/alexey/.nvm/versions/node/v13.2.0/lib/node_modules/npm/node_modules/graceful-fs/graceful-fs.js:115:16
4 verbose stack     at FSReqCallback.readFileAfterClose [as oncomplete] (internal/fs/read_file_context.js:61:3)
5 verbose cwd /home/alexey/WebstormProjects/kopnik-client
6 verbose Linux 5.4.2-1-MANJARO
7 verbose argv "/home/alexey/.nvm/versions/node/v13.2.0/bin/node" "/home/alexey/.nvm/versions/node/v13.2.0/bin/npm" "run" "test" "--no-cache"
8 verbose node v13.2.0
9 verbose npm  v6.13.1
10 error code EJSONPARSE
11 error file /home/alexey/WebstormProjects/kopnik-client/package.json
12 error JSON.parse Failed to parse json
12 error JSON.parse Unexpected token } in JSON at position 2298 while parsing near '...s)"
12 error JSON.parse     ],
12 error JSON.parse     ""
12 error JSON.parse   }
12 error JSON.parse }
12 error JSON.parse '
13 error JSON.parse Failed to parse package.json data.
13 error JSON.parse package.json must be actual JSON, not just JavaScript.
14 verbose exit [ 1, true ]
